DEBUG allright
DEBUG allright
DEBUG create card logic
DEBUG create card logic
DEBUG 
DEBUG create card logic
DEBUG 
DEBUG create card logic
DEBUG 
DEBUG create card logic
DEBUG card:success_created
DEBUG create card logic
DEBUG /card
DEBUG create card logic
DEBUG /cards
DEBUG create card logic
DEBUG /cards/
DEBUG create card logic
DEBUG /cards/create/success
DEBUG create card logic
DEBUG /cards/create/success
DEBUG курица
DEBUG курица
DEBUG курица
DEBUG курица
DEBUG курица
DEBUG курица
DEBUG курица
DEBUG курица
DEBUG курица
DEBUG курица
DEBUG курица
DEBUG курица
DEBUG курица
DEBUG курица
DEBUG курица
DEBUG 1, 1
DEBUG create_eptitude
DEBUG create_eptitude
DEBUG create_eptitude
DEBUG True
DEBUG False
DEBUG False
DEBUG True
DEBUG False
DEBUG True
DEBUG True
DEBUG True
DEBUG True
DEBUG True
DEBUG False
DEBUG False
DEBUG True
DEBUG True
DEBUG True
DEBUG True
DEBUG True
DEBUG True
DEBUG True
DEBUG True
DEBUG True
DEBUG False
DEBUG False
DEBUG True
DEBUG True
DEBUG False
DEBUG False
DEBUG True
DEBUG True
DEBUG True
DEBUG True
DEBUG True
DEBUG True
DEBUG True
DEBUG True
DEBUG True
DEBUG True
DEBUG True
DEBUG True
DEBUG True
DEBUG True
DEBUG True
DEBUG True
DEBUG True
DEBUG True
DEBUG False
DEBUG False
DEBUG False
DEBUG False
DEBUG True
DEBUG True
DEBUG True
DEBUG True
DEBUG True
DEBUG True
DEBUG True
DEBUG True
DEBUG True
DEBUG True
DEBUG True
DEBUG True
DEBUG True
DEBUG True
DEBUG True
DEBUG True
DEBUG True
DEBUG True
DEBUG True
DEBUG True
DEBUG True
DEBUG False
DEBUG True
DEBUG True
DEBUG False
DEBUG Tornado Launcher. IOLoop.instance start
DEBUG Tornado Launcher. IOLoop.instance stop
DEBUG Tornado Launcher. IOLoop.instance start
DEBUG Tornado Launcher. IOLoop.instance stop
DEBUG Tornado Launcher. IOLoop.instance start
DEBUG Tornado Launcher. IOLoop.instance stop
DEBUG Tornado Launcher. IOLoop.instance start
DEBUG Tornado Launcher. IOLoop.instance stop
DEBUG Tornado Launcher. IOLoop.instance start
DEBUG Tornado Launcher. IOLoop.instance stop
DEBUG Tornado Launcher. IOLoop.instance start
DEBUG Tornado Launcher. IOLoop.instance stop
